\BOOKMARK [0][-]{chapter*.1}{\376\377\136\217}{}% 1
\BOOKMARK [0][-]{chapter.1}{\376\377\172\013\136\217\140\035\176\364}{}% 2
\BOOKMARK [1][-]{section.1.1}{\376\377\117\125\116\072\172\013\136\217\377\037}{chapter.1}% 3
\BOOKMARK [1][-]{section.1.2}{\376\377\217\320\210\114\000\040\000P\000y\000t\000h\000o\000n}{chapter.1}% 4
\BOOKMARK [1][-]{section.1.3}{\376\377\122\035\213\306}{chapter.1}% 5
\BOOKMARK [1][-]{section.1.4}{\376\377\173\227\147\057\217\320\173\227}{chapter.1}% 6
\BOOKMARK [1][-]{section.1.5}{\376\377\120\074\124\214\174\173\127\213}{chapter.1}% 7
\BOOKMARK [1][-]{section.1.6}{\376\377\211\304\203\003\213\355\212\000\124\214\201\352\161\066\213\355\212\000}{chapter.1}% 8
\BOOKMARK [1][-]{section.1.7}{\376\377\214\003\213\325}{chapter.1}% 9
\BOOKMARK [1][-]{section.1.8}{\376\377\147\057\213\355\210\150}{chapter.1}% 10
\BOOKMARK [1][-]{section.1.9}{\376\377\116\140\230\230}{chapter.1}% 11
\BOOKMARK [0][-]{chapter.2}{\376\377\123\330\221\317\060\001\210\150\217\276\137\017\124\214\213\355\123\345}{}% 12
\BOOKMARK [1][-]{section.2.1}{\376\377\123\330\221\317\215\113\120\074}{chapter.2}% 13
\BOOKMARK [1][-]{section.2.2}{\376\377\123\330\221\317\124\015}{chapter.2}% 14
\BOOKMARK [1][-]{section.2.3}{\376\377\210\150\217\276\137\017\124\214\213\355\123\345}{chapter.2}% 15
\BOOKMARK [1][-]{section.2.4}{\376\377\201\032\147\054\152\041\137\017}{chapter.2}% 16
\BOOKMARK [1][-]{section.2.5}{\376\377\217\320\173\227\153\041\136\217}{chapter.2}% 17
\BOOKMARK [1][-]{section.2.6}{\376\377\133\127\173\046\116\062\144\315\117\134}{chapter.2}% 18
\BOOKMARK [1][-]{section.2.7}{\376\377\154\350\221\312}{chapter.2}% 19
\BOOKMARK [1][-]{section.2.8}{\376\377\214\003\213\325}{chapter.2}% 20
\BOOKMARK [1][-]{section.2.9}{\376\377\147\057\213\355\210\150}{chapter.2}% 21
\BOOKMARK [1][-]{section.2.10}{\376\377\116\140\230\230}{chapter.2}% 22
\BOOKMARK [0][-]{chapter.3}{\376\377\121\375\145\160}{}% 23
\BOOKMARK [1][-]{section.3.1}{\376\377\000F\000u\000n\000c\000t\000i\000o\000n\000\040\000c\000a\000l\000l\000s}{chapter.3}% 24
\BOOKMARK [1][-]{section.3.2}{\376\377\145\160\133\146\121\375\145\160}{chapter.3}% 25
\BOOKMARK [1][-]{section.3.3}{\376\377\176\304\124\010}{chapter.3}% 26
\BOOKMARK [1][-]{section.3.4}{\376\377\122\033\136\372\121\375\145\160}{chapter.3}% 27
\BOOKMARK [1][-]{section.3.5}{\376\377\133\232\116\111\124\214\214\003\165\050}{chapter.3}% 28
\BOOKMARK [1][-]{section.3.6}{\376\377\217\320\210\114\155\101\172\013}{chapter.3}% 29
\BOOKMARK [1][-]{section.3.7}{\376\377\137\142\123\302\124\214\133\236\123\302}{chapter.3}% 30
\BOOKMARK [1][-]{section.3.8}{\376\377\134\100\220\350\123\330\221\317\124\214\123\302\145\160}{chapter.3}% 31
\BOOKMARK [1][-]{section.3.9}{\376\377\150\010\126\376}{chapter.3}% 32
\BOOKMARK [1][-]{section.3.10}{\376\377\147\011\120\074\121\375\145\160\124\214\145\340\120\074\121\375\145\160}{chapter.3}% 33
\BOOKMARK [1][-]{section.3.11}{\376\377\121\375\145\160\117\125\165\050\000?}{chapter.3}% 34
\BOOKMARK [1][-]{section.3.12}{\376\377\214\003\213\325}{chapter.3}% 35
\BOOKMARK [1][-]{section.3.13}{\376\377\147\057\213\355\210\150}{chapter.3}% 36
\BOOKMARK [1][-]{section.3.14}{\376\377\116\140\230\230}{chapter.3}% 37
\BOOKMARK [0][-]{chapter.4}{\376\377\150\110\117\213\122\006\147\220\000:\000\040\143\245\123\343\213\276\213\241}{}% 38
\BOOKMARK [1][-]{section.4.1}{\376\377\000t\000u\000r\000t\000l\000e\152\041\127\127}{chapter.4}% 39
\BOOKMARK [1][-]{section.4.2}{\376\377\173\200\123\125\221\315\131\015}{chapter.4}% 40
\BOOKMARK [1][-]{section.4.3}{\376\377\116\140\230\230\226\306}{chapter.4}% 41
\BOOKMARK [1][-]{section.4.4}{\376\377\134\001\210\305}{chapter.4}% 42
\BOOKMARK [1][-]{section.4.5}{\376\377\154\333\123\026}{chapter.4}% 43
\BOOKMARK [1][-]{section.4.6}{\376\377\143\245\123\343\213\276\213\241}{chapter.4}% 44
\BOOKMARK [1][-]{section.4.7}{\376\377\221\315\147\204}{chapter.4}% 45
\BOOKMARK [1][-]{section.4.8}{\376\377\137\000\123\321\213\241\122\022}{chapter.4}% 46
\BOOKMARK [1][-]{section.4.9}{\376\377\136\056\122\251\145\207\150\143}{chapter.4}% 47
\BOOKMARK [1][-]{section.4.10}{\376\377\214\003\213\325}{chapter.4}% 48
\BOOKMARK [1][-]{section.4.11}{\376\377\147\057\213\355\210\150}{chapter.4}% 49
\BOOKMARK [1][-]{section.4.12}{\376\377\116\140\230\230\226\306}{chapter.4}% 50
\BOOKMARK [0][-]{chapter.5}{\376\377\147\141\116\366\124\214\220\022\137\122}{}% 51
\BOOKMARK [1][-]{section.5.1}{\376\377\124\021\116\013\123\326\145\164\124\214\154\102\152\041}{chapter.5}% 52
\BOOKMARK [1][-]{section.5.2}{\376\377\136\003\134\024\210\150\217\276\137\017}{chapter.5}% 53
\BOOKMARK [1][-]{section.5.3}{\376\377\220\073\217\221\217\320\173\227\173\046}{chapter.5}% 54
\BOOKMARK [1][-]{section.5.4}{\376\377\147\141\116\366\142\147\210\114}{chapter.5}% 55
\BOOKMARK [1][-]{section.5.5}{\376\377\220\011\142\351\142\147\210\114}{chapter.5}% 56
\BOOKMARK [1][-]{section.5.6}{\376\377\224\376\137\017\147\141\116\366}{chapter.5}% 57
\BOOKMARK [1][-]{section.5.7}{\376\377\135\114\131\127\147\141\116\366}{chapter.5}% 58
\BOOKMARK [1][-]{section.5.8}{\376\377\220\022\137\122}{chapter.5}% 59
\BOOKMARK [1][-]{section.5.9}{\376\377\220\022\137\122\121\375\145\160\166\204\150\010\126\376}{chapter.5}% 60
\BOOKMARK [1][-]{section.5.10}{\376\377\145\340\172\167\220\022\137\122}{chapter.5}% 61
\BOOKMARK [1][-]{section.5.11}{\376\377\225\056\166\330\217\223\121\145}{chapter.5}% 62
\BOOKMARK [1][-]{section.5.12}{\376\377\214\003\213\325}{chapter.5}% 63
\BOOKMARK [1][-]{section.5.13}{\376\377\147\057\213\355\210\150}{chapter.5}% 64
\BOOKMARK [1][-]{section.5.14}{\376\377\116\140\230\230\226\306}{chapter.5}% 65
\BOOKMARK [0][-]{chapter.6}{\376\377\147\011\120\074\217\324\126\336\121\375\145\160}{}% 66
\BOOKMARK [1][-]{section.6.1}{\376\377\217\324\126\336\120\074}{chapter.6}% 67
\BOOKMARK [1][-]{section.6.2}{\376\377\130\236\221\317\137\000\123\321}{chapter.6}% 68
\BOOKMARK [1][-]{section.6.3}{\376\377\176\304\124\010}{chapter.6}% 69
\BOOKMARK [1][-]{section.6.4}{\376\377\136\003\134\024\121\375\145\160}{chapter.6}% 70
\BOOKMARK [1][-]{section.6.5}{\376\377\000M\000o\000r\000e\000\040\000r\000e\000c\000u\000r\000s\000i\000o\000n}{chapter.6}% 71
\BOOKMARK [1][-]{section.6.6}{\376\377\177\156\117\341\217\301\171\373}{chapter.6}% 72
\BOOKMARK [1][-]{section.6.7}{\376\377\123\346\117\213}{chapter.6}% 73
\BOOKMARK [1][-]{section.6.8}{\376\377\174\173\127\213\150\300\147\345}{chapter.6}% 74
\BOOKMARK [1][-]{section.6.9}{\376\377\214\003\213\325}{chapter.6}% 75
\BOOKMARK [1][-]{section.6.10}{\376\377\147\057\213\355\210\150}{chapter.6}% 76
\BOOKMARK [1][-]{section.6.11}{\376\377\116\140\230\230\226\306}{chapter.6}% 77
\BOOKMARK [0][-]{chapter.7}{\376\377\217\355\116\343}{}% 78
\BOOKMARK [1][-]{section.7.1}{\376\377\121\215\215\113\120\074}{chapter.7}% 79
\BOOKMARK [1][-]{section.7.2}{\376\377\123\330\221\317\146\364\145\260}{chapter.7}% 80
\BOOKMARK [1][-]{section.7.3}{\376\377\000w\000h\000i\000l\000e\000\040\213\355\123\345}{chapter.7}% 81
\BOOKMARK [1][-]{section.7.4}{\376\377\116\055\145\255}{chapter.7}% 82
\BOOKMARK [1][-]{section.7.5}{\376\377\136\163\145\271\150\071}{chapter.7}% 83
\BOOKMARK [1][-]{section.7.6}{\376\377\173\227\154\325}{chapter.7}% 84
\BOOKMARK [1][-]{section.7.7}{\376\377\214\003\213\325}{chapter.7}% 85
\BOOKMARK [1][-]{section.7.8}{\376\377\147\057\213\355\210\150}{chapter.7}% 86
\BOOKMARK [1][-]{section.7.9}{\376\377\116\140\230\230\226\306}{chapter.7}% 87
\BOOKMARK [0][-]{chapter.8}{\376\377\133\127\173\046\116\062}{}% 88
\BOOKMARK [1][-]{section.8.1}{\376\377\133\127\173\046\116\062\123\163\136\217\122\027}{chapter.8}% 89
\BOOKMARK [1][-]{section.8.2}{\376\377\000l\000e\000n}{chapter.8}% 90
\BOOKMARK [1][-]{section.8.3}{\376\377\165\050\000f\000o\000r\000\040\137\252\163\257\220\115\123\206}{chapter.8}% 91
\BOOKMARK [1][-]{section.8.4}{\376\377\133\127\173\046\116\062\122\007\162\107}{chapter.8}% 92
\BOOKMARK [1][-]{section.8.5}{\376\377\133\127\173\046\116\062\116\015\123\357\123\330}{chapter.8}% 93
\BOOKMARK [1][-]{section.8.6}{\376\377\147\345\142\176}{chapter.8}% 94
\BOOKMARK [1][-]{section.8.7}{\376\377\137\252\163\257\124\214\213\241\145\160}{chapter.8}% 95
\BOOKMARK [1][-]{section.8.8}{\376\377\133\127\173\046\116\062\145\271\154\325}{chapter.8}% 96
\BOOKMARK [1][-]{section.8.9}{\376\377\144\315\117\134\173\046\000\040\000i\000n}{chapter.8}% 97
\BOOKMARK [1][-]{section.8.10}{\376\377\133\127\173\046\116\062\153\324\217\203}{chapter.8}% 98
\BOOKMARK [1][-]{section.8.11}{\376\377\214\003\213\325}{chapter.8}% 99
\BOOKMARK [1][-]{section.8.12}{\376\377\147\057\213\355\210\150}{chapter.8}% 100
\BOOKMARK [1][-]{section.8.13}{\376\377\116\140\230\230\226\306}{chapter.8}% 101
\BOOKMARK [0][-]{chapter.9}{\376\377\150\110\117\213\133\146\116\140\000:\000\040\000w\000o\000r\000d\000\040\000p\000l\000a\000y}{}% 102
\BOOKMARK [1][-]{section.9.1}{\376\377\213\373\123\326\123\125\213\315\122\027\210\150}{chapter.9}% 103
\BOOKMARK [1][-]{section.9.2}{\376\377\176\303\116\140}{chapter.9}% 104
\BOOKMARK [1][-]{section.9.3}{\376\377\150\300\175\042}{chapter.9}% 105
\BOOKMARK [1][-]{section.9.4}{\376\377\175\042\137\025\137\252\163\257}{chapter.9}% 106
\BOOKMARK [1][-]{section.9.5}{\376\377\214\003\213\325}{chapter.9}% 107
\BOOKMARK [1][-]{section.9.6}{\376\377\147\057\213\355\210\150}{chapter.9}% 108
\BOOKMARK [1][-]{section.9.7}{\376\377\116\140\230\230\226\306}{chapter.9}% 109
\BOOKMARK [0][-]{chapter.10}{\376\377\122\027\210\150}{}% 110
\BOOKMARK [1][-]{section.10.1}{\376\377\122\027\210\150\123\163\136\217\122\027}{chapter.10}% 111
\BOOKMARK [1][-]{section.10.2}{\376\377\122\027\210\150\123\357\123\330}{chapter.10}% 112
\BOOKMARK [1][-]{section.10.3}{\376\377\220\115\123\206\122\027\210\150}{chapter.10}% 113
\BOOKMARK [1][-]{section.10.4}{\376\377\122\027\210\150\144\315\117\134}{chapter.10}% 114
\BOOKMARK [1][-]{section.10.5}{\376\377\122\027\210\150\122\007\162\107}{chapter.10}% 115
\BOOKMARK [1][-]{section.10.6}{\376\377\122\027\210\150\145\271\154\325}{chapter.10}% 116
\BOOKMARK [1][-]{section.10.7}{\376\377\000M\000a\000p\000,\000\040\000f\000i\000l\000t\000e\000r\000\040\124\214\000\040\000r\000e\000d\000u\000c\000e}{chapter.10}% 117
\BOOKMARK [1][-]{section.10.8}{\376\377\171\373\226\144\121\103\175\040}{chapter.10}% 118
\BOOKMARK [1][-]{section.10.9}{\376\377\122\027\210\150\124\214\133\127\173\046\116\062}{chapter.10}% 119
\BOOKMARK [1][-]{section.10.10}{\376\377\133\371\214\141\124\214\120\074}{chapter.10}% 120
\BOOKMARK [1][-]{section.10.11}{\376\377\122\053\171\360}{chapter.10}% 121
\BOOKMARK [1][-]{section.10.12}{\376\377\122\027\210\150\123\302\145\160}{chapter.10}% 122
\BOOKMARK [1][-]{section.10.13}{\376\377\214\003\213\325}{chapter.10}% 123
\BOOKMARK [1][-]{section.10.14}{\376\377\147\057\213\355\210\150}{chapter.10}% 124
\BOOKMARK [1][-]{section.10.15}{\376\377\116\140\230\230\226\306}{chapter.10}% 125
\BOOKMARK [0][-]{chapter.11}{\376\377\133\127\121\170}{}% 126
\BOOKMARK [1][-]{section.11.1}{\376\377\133\127\121\170\123\163\146\040\134\004}{chapter.11}% 127
\BOOKMARK [1][-]{section.11.2}{\376\377\116\345\133\127\121\170\116\072\213\241\145\160\126\150}{chapter.11}% 128
\BOOKMARK [1][-]{section.11.3}{\376\377\137\252\163\257\124\214\133\127\121\170}{chapter.11}% 129
\BOOKMARK [1][-]{section.11.4}{\376\377\123\315\124\021\147\345\142\176}{chapter.11}% 130
\BOOKMARK [1][-]{section.11.5}{\376\377\133\127\121\170\124\214\122\027\210\150}{chapter.11}% 131
\BOOKMARK [1][-]{section.11.6}{\376\377\131\007\137\330}{chapter.11}% 132
\BOOKMARK [1][-]{section.11.7}{\376\377\121\150\134\100\123\330\221\317}{chapter.11}% 133
\BOOKMARK [1][-]{section.11.8}{\376\377\214\003\213\325}{chapter.11}% 134
\BOOKMARK [1][-]{section.11.9}{\376\377\147\057\213\355\210\150}{chapter.11}% 135
\BOOKMARK [1][-]{section.11.10}{\376\377\116\140\230\230\226\306}{chapter.11}% 136
\BOOKMARK [0][-]{chapter.12}{\376\377\121\103\176\304}{}% 137
\BOOKMARK [1][-]{section.12.1}{\376\377\000T\000u\000p\000l\000e\000s\000\040\000a\000r\000e\000\040\000i\000m\000m\000u\000t\000a\000b\000l\000e}{chapter.12}% 138
\BOOKMARK [1][-]{section.12.2}{\376\377\000T\000u\000p\000l\000e\000\040\000a\000s\000s\000i\000g\000n\000m\000e\000n\000t}{chapter.12}% 139
\BOOKMARK [1][-]{section.12.3}{\376\377\000T\000u\000p\000l\000e\000s\000\040\000a\000s\000\040\000r\000e\000t\000u\000r\000n\000\040\000v\000a\000l\000u\000e\000s}{chapter.12}% 140
\BOOKMARK [1][-]{section.12.4}{\376\377\000V\000a\000r\000i\000a\000b\000l\000e\000-\000l\000e\000n\000g\000t\000h\000\040\000a\000r\000g\000u\000m\000e\000n\000t\000\040\000t\000u\000p\000l\000e\000s}{chapter.12}% 141
\BOOKMARK [1][-]{section.12.5}{\376\377\000L\000i\000s\000t\000s\000\040\000a\000n\000d\000\040\000t\000u\000p\000l\000e\000s}{chapter.12}% 142
\BOOKMARK [1][-]{section.12.6}{\376\377\000D\000i\000c\000t\000i\000o\000n\000a\000r\000i\000e\000s\000\040\000a\000n\000d\000\040\000t\000u\000p\000l\000e\000s}{chapter.12}% 143
\BOOKMARK [1][-]{section.12.7}{\376\377\000S\000e\000q\000u\000e\000n\000c\000e\000s\000\040\000o\000f\000\040\000s\000e\000q\000u\000e\000n\000c\000e\000s}{chapter.12}% 144
\BOOKMARK [1][-]{section.12.8}{\376\377\000D\000e\000b\000u\000g\000g\000i\000n\000g}{chapter.12}% 145
\BOOKMARK [1][-]{section.12.9}{\376\377\000G\000l\000o\000s\000s\000a\000r\000y}{chapter.12}% 146
\BOOKMARK [1][-]{section.12.10}{\376\377\000E\000x\000e\000r\000c\000i\000s\000e\000s}{chapter.12}% 147
\BOOKMARK [0][-]{chapter.13}{\376\377\000C\000a\000s\000e\000\040\000s\000t\000u\000d\000y\000:\000\040\000d\000a\000t\000a\000\040\000s\000t\000r\000u\000c\000t\000u\000r\000e\000\040\000s\000e\000l\000e\000c\000t\000i\000o\000n}{}% 148
\BOOKMARK [1][-]{section.13.1}{\376\377\000W\000o\000r\000d\000\040\000f\000r\000e\000q\000u\000e\000n\000c\000y\000\040\000a\000n\000a\000l\000y\000s\000i\000s}{chapter.13}% 149
\BOOKMARK [1][-]{section.13.2}{\376\377\000R\000a\000n\000d\000o\000m\000\040\000n\000u\000m\000b\000e\000r\000s}{chapter.13}% 150
\BOOKMARK [1][-]{section.13.3}{\376\377\000W\000o\000r\000d\000\040\000h\000i\000s\000t\000o\000g\000r\000a\000m}{chapter.13}% 151
\BOOKMARK [1][-]{section.13.4}{\376\377\000M\000o\000s\000t\000\040\000c\000o\000m\000m\000o\000n\000\040\000w\000o\000r\000d\000s}{chapter.13}% 152
\BOOKMARK [1][-]{section.13.5}{\376\377\000O\000p\000t\000i\000o\000n\000a\000l\000\040\000p\000a\000r\000a\000m\000e\000t\000e\000r\000s}{chapter.13}% 153
\BOOKMARK [1][-]{section.13.6}{\376\377\000D\000i\000c\000t\000i\000o\000n\000a\000r\000y\000\040\000s\000u\000b\000t\000r\000a\000c\000t\000i\000o\000n}{chapter.13}% 154
\BOOKMARK [1][-]{section.13.7}{\376\377\000R\000a\000n\000d\000o\000m\000\040\000w\000o\000r\000d\000s}{chapter.13}% 155
\BOOKMARK [1][-]{section.13.8}{\376\377\000M\000a\000r\000k\000o\000v\000\040\000a\000n\000a\000l\000y\000s\000i\000s}{chapter.13}% 156
\BOOKMARK [1][-]{section.13.9}{\376\377\000D\000a\000t\000a\000\040\000s\000t\000r\000u\000c\000t\000u\000r\000e\000s}{chapter.13}% 157
\BOOKMARK [1][-]{section.13.10}{\376\377\000D\000e\000b\000u\000g\000g\000i\000n\000g}{chapter.13}% 158
\BOOKMARK [1][-]{section.13.11}{\376\377\000G\000l\000o\000s\000s\000a\000r\000y}{chapter.13}% 159
\BOOKMARK [1][-]{section.13.12}{\376\377\000E\000x\000e\000r\000c\000i\000s\000e\000s}{chapter.13}% 160
\BOOKMARK [0][-]{chapter.14}{\376\377\000F\000i\000l\000e\000s}{}% 161
\BOOKMARK [1][-]{section.14.1}{\376\377\000P\000e\000r\000s\000i\000s\000t\000e\000n\000c\000e}{chapter.14}% 162
\BOOKMARK [1][-]{section.14.2}{\376\377\000R\000e\000a\000d\000i\000n\000g\000\040\000a\000n\000d\000\040\000w\000r\000i\000t\000i\000n\000g}{chapter.14}% 163
\BOOKMARK [1][-]{section.14.3}{\376\377\000F\000o\000r\000m\000a\000t\000\040\000o\000p\000e\000r\000a\000t\000o\000r}{chapter.14}% 164
\BOOKMARK [1][-]{section.14.4}{\376\377\000F\000i\000l\000e\000n\000a\000m\000e\000s\000\040\000a\000n\000d\000\040\000p\000a\000t\000h\000s}{chapter.14}% 165
\BOOKMARK [1][-]{section.14.5}{\376\377\000C\000a\000t\000c\000h\000i\000n\000g\000\040\000e\000x\000c\000e\000p\000t\000i\000o\000n\000s}{chapter.14}% 166
\BOOKMARK [1][-]{section.14.6}{\376\377\000D\000a\000t\000a\000b\000a\000s\000e\000s}{chapter.14}% 167
\BOOKMARK [1][-]{section.14.7}{\376\377\000P\000i\000c\000k\000l\000i\000n\000g}{chapter.14}% 168
\BOOKMARK [1][-]{section.14.8}{\376\377\000P\000i\000p\000e\000s}{chapter.14}% 169
\BOOKMARK [1][-]{section.14.9}{\376\377\000W\000r\000i\000t\000i\000n\000g\000\040\000m\000o\000d\000u\000l\000e\000s}{chapter.14}% 170
\BOOKMARK [1][-]{section.14.10}{\376\377\000D\000e\000b\000u\000g\000g\000i\000n\000g}{chapter.14}% 171
\BOOKMARK [1][-]{section.14.11}{\376\377\000G\000l\000o\000s\000s\000a\000r\000y}{chapter.14}% 172
\BOOKMARK [1][-]{section.14.12}{\376\377\000E\000x\000e\000r\000c\000i\000s\000e\000s}{chapter.14}% 173
\BOOKMARK [0][-]{chapter.15}{\376\377\000C\000l\000a\000s\000s\000e\000s\000\040\000a\000n\000d\000\040\000o\000b\000j\000e\000c\000t\000s}{}% 174
\BOOKMARK [1][-]{section.15.1}{\376\377\000P\000r\000o\000g\000r\000a\000m\000m\000e\000r\000-\000d\000e\000f\000i\000n\000e\000d\000\040\000t\000y\000p\000e\000s}{chapter.15}% 175
\BOOKMARK [1][-]{section.15.2}{\376\377\000A\000t\000t\000r\000i\000b\000u\000t\000e\000s}{chapter.15}% 176
\BOOKMARK [1][-]{section.15.3}{\376\377\000R\000e\000c\000t\000a\000n\000g\000l\000e\000s}{chapter.15}% 177
\BOOKMARK [1][-]{section.15.4}{\376\377\000I\000n\000s\000t\000a\000n\000c\000e\000s\000\040\000a\000s\000\040\000r\000e\000t\000u\000r\000n\000\040\000v\000a\000l\000u\000e\000s}{chapter.15}% 178
\BOOKMARK [1][-]{section.15.5}{\376\377\000O\000b\000j\000e\000c\000t\000s\000\040\000a\000r\000e\000\040\000m\000u\000t\000a\000b\000l\000e}{chapter.15}% 179
\BOOKMARK [1][-]{section.15.6}{\376\377\000C\000o\000p\000y\000i\000n\000g}{chapter.15}% 180
\BOOKMARK [1][-]{section.15.7}{\376\377\000D\000e\000b\000u\000g\000g\000i\000n\000g}{chapter.15}% 181
\BOOKMARK [1][-]{section.15.8}{\376\377\000G\000l\000o\000s\000s\000a\000r\000y}{chapter.15}% 182
\BOOKMARK [1][-]{section.15.9}{\376\377\000E\000x\000e\000r\000c\000i\000s\000e\000s}{chapter.15}% 183
\BOOKMARK [0][-]{chapter.16}{\376\377\000C\000l\000a\000s\000s\000e\000s\000\040\000a\000n\000d\000\040\000f\000u\000n\000c\000t\000i\000o\000n\000s}{}% 184
\BOOKMARK [1][-]{section.16.1}{\376\377\000T\000i\000m\000e}{chapter.16}% 185
\BOOKMARK [1][-]{section.16.2}{\376\377\000P\000u\000r\000e\000\040\000f\000u\000n\000c\000t\000i\000o\000n\000s}{chapter.16}% 186
\BOOKMARK [1][-]{section.16.3}{\376\377\000M\000o\000d\000i\000f\000i\000e\000r\000s}{chapter.16}% 187
\BOOKMARK [1][-]{section.16.4}{\376\377\000P\000r\000o\000t\000o\000t\000y\000p\000i\000n\000g\000\040\000v\000e\000r\000s\000u\000s\000\040\000p\000l\000a\000n\000n\000i\000n\000g}{chapter.16}% 188
\BOOKMARK [1][-]{section.16.5}{\376\377\000D\000e\000b\000u\000g\000g\000i\000n\000g}{chapter.16}% 189
\BOOKMARK [1][-]{section.16.6}{\376\377\000G\000l\000o\000s\000s\000a\000r\000y}{chapter.16}% 190
\BOOKMARK [1][-]{section.16.7}{\376\377\000E\000x\000e\000r\000c\000i\000s\000e\000s}{chapter.16}% 191
\BOOKMARK [0][-]{chapter.17}{\376\377\000C\000l\000a\000s\000s\000e\000s\000\040\000a\000n\000d\000\040\000m\000e\000t\000h\000o\000d\000s}{}% 192
\BOOKMARK [1][-]{section.17.1}{\376\377\000O\000b\000j\000e\000c\000t\000-\000o\000r\000i\000e\000n\000t\000e\000d\000\040\000f\000e\000a\000t\000u\000r\000e\000s}{chapter.17}% 193
\BOOKMARK [1][-]{section.17.2}{\376\377\000P\000r\000i\000n\000t\000i\000n\000g\000\040\000o\000b\000j\000e\000c\000t\000s}{chapter.17}% 194
\BOOKMARK [1][-]{section.17.3}{\376\377\000A\000n\000o\000t\000h\000e\000r\000\040\000e\000x\000a\000m\000p\000l\000e}{chapter.17}% 195
\BOOKMARK [1][-]{section.17.4}{\376\377\000A\000\040\000m\000o\000r\000e\000\040\000c\000o\000m\000p\000l\000i\000c\000a\000t\000e\000d\000\040\000e\000x\000a\000m\000p\000l\000e}{chapter.17}% 196
\BOOKMARK [1][-]{section.17.5}{\376\377\000T\000h\000e\000\040\000i\000n\000i\000t\000\040\000m\000e\000t\000h\000o\000d}{chapter.17}% 197
\BOOKMARK [1][-]{section.17.6}{\376\377\000T\000h\000e\000\040\000\137\000\137\000s\000t\000r\000\137\000\137\000\040\000m\000e\000t\000h\000o\000d}{chapter.17}% 198
\BOOKMARK [1][-]{section.17.7}{\376\377\000O\000p\000e\000r\000a\000t\000o\000r\000\040\000o\000v\000e\000r\000l\000o\000a\000d\000i\000n\000g}{chapter.17}% 199
\BOOKMARK [1][-]{section.17.8}{\376\377\000T\000y\000p\000e\000-\000b\000a\000s\000e\000d\000\040\000d\000i\000s\000p\000a\000t\000c\000h}{chapter.17}% 200
\BOOKMARK [1][-]{section.17.9}{\376\377\000P\000o\000l\000y\000m\000o\000r\000p\000h\000i\000s\000m}{chapter.17}% 201
\BOOKMARK [1][-]{section.17.10}{\376\377\000D\000e\000b\000u\000g\000g\000i\000n\000g}{chapter.17}% 202
\BOOKMARK [1][-]{section.17.11}{\376\377\000I\000n\000t\000e\000r\000f\000a\000c\000e\000\040\000a\000n\000d\000\040\000i\000m\000p\000l\000e\000m\000e\000n\000t\000a\000t\000i\000o\000n}{chapter.17}% 203
\BOOKMARK [1][-]{section.17.12}{\376\377\000G\000l\000o\000s\000s\000a\000r\000y}{chapter.17}% 204
\BOOKMARK [1][-]{section.17.13}{\376\377\000E\000x\000e\000r\000c\000i\000s\000e\000s}{chapter.17}% 205
\BOOKMARK [0][-]{chapter.18}{\376\377\000I\000n\000h\000e\000r\000i\000t\000a\000n\000c\000e}{}% 206
\BOOKMARK [1][-]{section.18.1}{\376\377\000C\000a\000r\000d\000\040\000o\000b\000j\000e\000c\000t\000s}{chapter.18}% 207
\BOOKMARK [1][-]{section.18.2}{\376\377\000C\000l\000a\000s\000s\000\040\000a\000t\000t\000r\000i\000b\000u\000t\000e\000s}{chapter.18}% 208
\BOOKMARK [1][-]{section.18.3}{\376\377\000C\000o\000m\000p\000a\000r\000i\000n\000g\000\040\000c\000a\000r\000d\000s}{chapter.18}% 209
\BOOKMARK [1][-]{section.18.4}{\376\377\000D\000e\000c\000k\000s}{chapter.18}% 210
\BOOKMARK [1][-]{section.18.5}{\376\377\000P\000r\000i\000n\000t\000i\000n\000g\000\040\000t\000h\000e\000\040\000d\000e\000c\000k}{chapter.18}% 211
\BOOKMARK [1][-]{section.18.6}{\376\377\000A\000d\000d\000,\000\040\000r\000e\000m\000o\000v\000e\000,\000\040\000s\000h\000u\000f\000f\000l\000e\000\040\000a\000n\000d\000\040\000s\000o\000r\000t}{chapter.18}% 212
\BOOKMARK [1][-]{section.18.7}{\376\377\000I\000n\000h\000e\000r\000i\000t\000a\000n\000c\000e}{chapter.18}% 213
\BOOKMARK [1][-]{section.18.8}{\376\377\000C\000l\000a\000s\000s\000\040\000d\000i\000a\000g\000r\000a\000m\000s}{chapter.18}% 214
\BOOKMARK [1][-]{section.18.9}{\376\377\000D\000e\000b\000u\000g\000g\000i\000n\000g}{chapter.18}% 215
\BOOKMARK [1][-]{section.18.10}{\376\377\000D\000a\000t\000a\000\040\000e\000n\000c\000a\000p\000s\000u\000l\000a\000t\000i\000o\000n}{chapter.18}% 216
\BOOKMARK [1][-]{section.18.11}{\376\377\000G\000l\000o\000s\000s\000a\000r\000y}{chapter.18}% 217
\BOOKMARK [1][-]{section.18.12}{\376\377\000E\000x\000e\000r\000c\000i\000s\000e\000s}{chapter.18}% 218
\BOOKMARK [0][-]{chapter.19}{\376\377\122\051\126\150}{}% 219
\BOOKMARK [1][-]{section.19.1}{\376\377\000C\000o\000n\000d\000i\000t\000i\000o\000n\000a\000l\000\040\000e\000x\000p\000r\000e\000s\000s\000i\000o\000n\000s}{chapter.19}% 220
\BOOKMARK [1][-]{section.19.2}{\376\377\000L\000i\000s\000t\000\040\000c\000o\000m\000p\000r\000e\000h\000e\000n\000s\000i\000o\000n\000s}{chapter.19}% 221
\BOOKMARK [1][-]{section.19.3}{\376\377\000G\000e\000n\000e\000r\000a\000t\000o\000r\000\040\000e\000x\000p\000r\000e\000s\000s\000i\000o\000n\000s}{chapter.19}% 222
\BOOKMARK [1][-]{section.19.4}{\376\377\000a\000n\000y\000\040\000a\000n\000d\000\040\000a\000l\000l}{chapter.19}% 223
\BOOKMARK [1][-]{section.19.5}{\376\377\000S\000e\000t\000s}{chapter.19}% 224
\BOOKMARK [1][-]{section.19.6}{\376\377\000C\000o\000u\000n\000t\000e\000r\000s}{chapter.19}% 225
\BOOKMARK [1][-]{section.19.7}{\376\377\000d\000e\000f\000a\000u\000l\000t\000d\000i\000c\000t}{chapter.19}% 226
\BOOKMARK [1][-]{section.19.8}{\376\377\000N\000a\000m\000e\000d\000\040\000t\000u\000p\000l\000e\000s}{chapter.19}% 227
\BOOKMARK [1][-]{section.19.9}{\376\377\000G\000a\000t\000h\000e\000r\000i\000n\000g\000\040\000k\000e\000y\000w\000o\000r\000d\000\040\000a\000r\000g\000s}{chapter.19}% 228
\BOOKMARK [1][-]{section.19.10}{\376\377\000G\000l\000o\000s\000s\000a\000r\000y}{chapter.19}% 229
\BOOKMARK [1][-]{section.19.11}{\376\377\000E\000x\000e\000r\000c\000i\000s\000e\000s}{chapter.19}% 230
\BOOKMARK [0][-]{appendix.A}{\376\377\000D\000e\000b\000u\000g\000g\000i\000n\000g}{}% 231
\BOOKMARK [1][-]{section.A.1}{\376\377\000S\000y\000n\000t\000a\000x\000\040\000e\000r\000r\000o\000r\000s}{appendix.A}% 232
\BOOKMARK [1][-]{section.A.2}{\376\377\000R\000u\000n\000t\000i\000m\000e\000\040\000e\000r\000r\000o\000r\000s}{appendix.A}% 233
\BOOKMARK [1][-]{section.A.3}{\376\377\000S\000e\000m\000a\000n\000t\000i\000c\000\040\000e\000r\000r\000o\000r\000s}{appendix.A}% 234
\BOOKMARK [0][-]{appendix.B}{\376\377\000A\000n\000a\000l\000y\000s\000i\000s\000\040\000o\000f\000\040\000A\000l\000g\000o\000r\000i\000t\000h\000m\000s}{}% 235
\BOOKMARK [1][-]{section.B.1}{\376\377\000O\000r\000d\000e\000r\000\040\000o\000f\000\040\000g\000r\000o\000w\000t\000h}{appendix.B}% 236
\BOOKMARK [1][-]{section.B.2}{\376\377\000A\000n\000a\000l\000y\000s\000i\000s\000\040\000o\000f\000\040\000b\000a\000s\000i\000c\000\040\000P\000y\000t\000h\000o\000n\000\040\000o\000p\000e\000r\000a\000t\000i\000o\000n\000s}{appendix.B}% 237
\BOOKMARK [1][-]{section.B.3}{\376\377\000A\000n\000a\000l\000y\000s\000i\000s\000\040\000o\000f\000\040\000s\000e\000a\000r\000c\000h\000\040\000a\000l\000g\000o\000r\000i\000t\000h\000m\000s}{appendix.B}% 238
\BOOKMARK [1][-]{section.B.4}{\376\377\000H\000a\000s\000h\000t\000a\000b\000l\000e\000s}{appendix.B}% 239
\BOOKMARK [1][-]{section.B.5}{\376\377\000G\000l\000o\000s\000s\000a\000r\000y}{appendix.B}% 240
